[2020-12-11T13:59:58.565] [ERROR] errorLogger - 
*************** error log start ***************
request method: GET
request originalUrl:  /
request client ip:  127.0.0.1
request query:  {}
response time: 0
err name: AssertionError
err message: status code must be a number
err stack: AssertionError [ERR_ASSERTION]: status code must be a number
    at Object.set status [as status] (/Users/qiaojianfeng/qjf/more/bit2/node_modules/koa/lib/response.js:86:5)
    at Object.status (/Users/qiaojianfeng/qjf/more/bit2/node_modules/delegates/index.js:92:31)
    at /Users/qiaojianfeng/qjf/more/bit2/server/middleware/catch.js:20:18
    at processTicksAndRejections (internal/process/task_queues.js:97:5)
    at async appCatch (/Users/qiaojianfeng/qjf/more/bit2/server/middleware/catch.js:19:5)
    at async /Users/qiaojianfeng/qjf/more/bit2/server/middleware/resformat.js:32:7
    at async bodyParser (/Users/qiaojianfeng/qjf/more/bit2/node_modules/koa-bodyparser/index.js:95:5)
*************** error log end ***************

[2020-12-11T13:59:58.735] [ERROR] errorLogger - 
*************** error log start ***************
request method: GET
request originalUrl:  /
request client ip:  127.0.0.1
request query:  {}
response time: 0
err name: AssertionError
err message: status code must be a number
err stack: AssertionError [ERR_ASSERTION]: status code must be a number
    at Object.set status [as status] (/Users/qiaojianfeng/qjf/more/bit2/node_modules/koa/lib/response.js:86:5)
    at Object.status (/Users/qiaojianfeng/qjf/more/bit2/node_modules/delegates/index.js:92:31)
    at /Users/qiaojianfeng/qjf/more/bit2/server/middleware/catch.js:20:18
    at processTicksAndRejections (internal/process/task_queues.js:97:5)
    at async appCatch (/Users/qiaojianfeng/qjf/more/bit2/server/middleware/catch.js:19:5)
    at async /Users/qiaojianfeng/qjf/more/bit2/server/middleware/resformat.js:32:7
    at async bodyParser (/Users/qiaojianfeng/qjf/more/bit2/node_modules/koa-bodyparser/index.js:95:5)
*************** error log end ***************

[2020-12-11T14:00:07.178] [ERROR] errorLogger - 
*************** error log start ***************
request method: GET
request originalUrl:  /
request client ip:  127.0.0.1
request query:  {}
response time: 0
err name: AssertionError
err message: status code must be a number
err stack: AssertionError [ERR_ASSERTION]: status code must be a number
    at Object.set status [as status] (/Users/qiaojianfeng/qjf/more/bit2/node_modules/koa/lib/response.js:86:5)
    at Object.status (/Users/qiaojianfeng/qjf/more/bit2/node_modules/delegates/index.js:92:31)
    at /Users/qiaojianfeng/qjf/more/bit2/server/middleware/catch.js:20:18
    at processTicksAndRejections (internal/process/task_queues.js:97:5)
    at async appCatch (/Users/qiaojianfeng/qjf/more/bit2/server/middleware/catch.js:19:5)
    at async /Users/qiaojianfeng/qjf/more/bit2/server/middleware/resformat.js:32:7
    at async bodyParser (/Users/qiaojianfeng/qjf/more/bit2/node_modules/koa-bodyparser/index.js:95:5)
*************** error log end ***************

