[2020-12-14T16:41:19.438] [ERROR] errorLogger - 
*************** error log start ***************
request method: GET
request originalUrl:  /api/auth/user
request client ip:  127.0.0.1
request query:  {}
response time: 8
err name: AssertionError
err message: status code must be a number
err stack: AssertionError [ERR_ASSERTION]: status code must be a number
    at Object.set status [as status] (/Users/qiaojianfeng/qjf/more/bit2/node_modules/koa/lib/response.js:86:5)
    at Object.status (/Users/qiaojianfeng/qjf/more/bit2/node_modules/delegates/index.js:92:31)
    at /Users/qiaojianfeng/qjf/more/bit2/server/middleware/catch.js:20:18
    at processTicksAndRejections (internal/process/task_queues.js:97:5)
    at async appCatch (/Users/qiaojianfeng/qjf/more/bit2/server/middleware/catch.js:19:5)
*************** error log end ***************

[2020-12-14T17:07:57.955] [ERROR] errorLogger - 
*************** error log start ***************
request method: GET
request originalUrl:  /api/auth/user
request client ip:  127.0.0.1
request query:  {}
response time: 9
err name: AssertionError
err message: status code must be a number
err stack: AssertionError [ERR_ASSERTION]: status code must be a number
    at Object.set status [as status] (/Users/qiaojianfeng/qjf/more/bit2/node_modules/koa/lib/response.js:86:5)
    at Object.status (/Users/qiaojianfeng/qjf/more/bit2/node_modules/delegates/index.js:92:31)
    at /Users/qiaojianfeng/qjf/more/bit2/server/middleware/catch.js:20:18
    at processTicksAndRejections (internal/process/task_queues.js:97:5)
    at async appCatch (/Users/qiaojianfeng/qjf/more/bit2/server/middleware/catch.js:19:5)
*************** error log end ***************

[2020-12-14T17:08:09.868] [ERROR] errorLogger - 
*************** error log start ***************
request method: GET
request originalUrl:  /api/auth/user
request client ip:  127.0.0.1
request query:  {}
response time: 8
err name: AssertionError
err message: status code must be a number
err stack: AssertionError [ERR_ASSERTION]: status code must be a number
    at Object.set status [as status] (/Users/qiaojianfeng/qjf/more/bit2/node_modules/koa/lib/response.js:86:5)
    at Object.status (/Users/qiaojianfeng/qjf/more/bit2/node_modules/delegates/index.js:92:31)
    at /Users/qiaojianfeng/qjf/more/bit2/server/middleware/catch.js:20:18
    at processTicksAndRejections (internal/process/task_queues.js:97:5)
    at async appCatch (/Users/qiaojianfeng/qjf/more/bit2/server/middleware/catch.js:19:5)
*************** error log end ***************

[2020-12-14T17:08:22.818] [ERROR] errorLogger - 
*************** error log start ***************
request method: GET
request originalUrl:  /api/auth/user
request client ip:  127.0.0.1
request query:  {}
response time: 11
err name: AssertionError
err message: status code must be a number
err stack: AssertionError [ERR_ASSERTION]: status code must be a number
    at Object.set status [as status] (/Users/qiaojianfeng/qjf/more/bit2/node_modules/koa/lib/response.js:86:5)
    at Object.status (/Users/qiaojianfeng/qjf/more/bit2/node_modules/delegates/index.js:92:31)
    at /Users/qiaojianfeng/qjf/more/bit2/server/middleware/catch.js:20:18
    at processTicksAndRejections (internal/process/task_queues.js:97:5)
    at async appCatch (/Users/qiaojianfeng/qjf/more/bit2/server/middleware/catch.js:19:5)
*************** error log end ***************

[2020-12-14T17:10:51.521] [ERROR] errorLogger - 
*************** error log start ***************
request method: GET
request originalUrl:  /api/auth/user
request client ip:  127.0.0.1
request query:  {"uid":"5fca1c6ecfd28d2687a19b1b"}
response time: 9
err name: AssertionError
err message: status code must be a number
err stack: AssertionError [ERR_ASSERTION]: status code must be a number
    at Object.set status [as status] (/Users/qiaojianfeng/qjf/more/bit2/node_modules/koa/lib/response.js:86:5)
    at Object.status (/Users/qiaojianfeng/qjf/more/bit2/node_modules/delegates/index.js:92:31)
    at /Users/qiaojianfeng/qjf/more/bit2/server/middleware/catch.js:20:18
    at processTicksAndRejections (internal/process/task_queues.js:97:5)
    at async appCatch (/Users/qiaojianfeng/qjf/more/bit2/server/middleware/catch.js:19:5)
*************** error log end ***************

[2020-12-14T17:13:04.641] [ERROR] errorLogger - 
*************** error log start ***************
request method: GET
request originalUrl:  /api/auth/user
request client ip:  127.0.0.1
request query:  {"uid":"5fca1c6ecfd28d2687a19b1b"}
response time: 8
err name: AssertionError
err message: status code must be a number
err stack: AssertionError [ERR_ASSERTION]: status code must be a number
    at Object.set status [as status] (/Users/qiaojianfeng/qjf/more/bit2/node_modules/koa/lib/response.js:86:5)
    at Object.status (/Users/qiaojianfeng/qjf/more/bit2/node_modules/delegates/index.js:92:31)
    at /Users/qiaojianfeng/qjf/more/bit2/server/middleware/catch.js:20:18
    at processTicksAndRejections (internal/process/task_queues.js:97:5)
    at async appCatch (/Users/qiaojianfeng/qjf/more/bit2/server/middleware/catch.js:19:5)
*************** error log end ***************

